show tree ++++++++++++++++++++++++++++++++++++++++++++++++++++++++++++
show tree ------------------------------------------------------------
--------------------------------------------------
4,4,7,hel,help
29,4,46,hel,help
33,4,53,hel,help
41,41,84,nd,need
41,72,99,ove,love
43,24,118,nd,need
44,18,148,sy,easy
44,55,165,ove,love
45,8,175,nd,need
48,15,246,aw,at&t wireless
48,59,267,aw,at&t wireless
49,51,308,nd,need
50,39,335,nd,need
52,68,381,nd,need
54,13,432,est,best
55,8,466,nd,need
55,25,475,aw,at&t wireless
57,5,496,nd,need
60,8,616,nd,need
62,45,661,nd,need
62,69,673,nd,need
64,41,743,nd,need
67,8,794,nd,need
72,41,949,nd,need
72,72,964,ove,love
74,24,983,nd,need
75,18,1013,sy,easy
75,55,1030,ove,love
76,8,1040,nd,need
{'-': {'m': {'o': {'b': {'i': {'l': {'e': {'': ['t-mobile']}}}}}},
       't': {'m': {'o': {'b': {'i': {'l': {'e': {'': ['t-mobile']}}}}}}}},
 '4': {'4': {'g': {'': ['4g']}}, 'g': {'': ['4g'], 'g': {'': ['4g']}}},
 'A': {'T': {'W': {'A': {'R': {'A': {'L': {'': ['at&t wireless']}}}}}}},
 'B': {'A': {'S': {'T': {'': ['best']}}}},
 'C': {'A': {'N': {'S': {'A': {'S': {'T': {'A': {'D': {'': ['consistent']}}}}}},
                   'V': {'A': {'N': {'A': {'D': {'': ['convenient']}}}}}},
             'T': {'': ['cheat']}},
       'L': {'A': {'R': {'': ['clear']}}}},
 'D': {'A': {'L': {'A': {'V': {'A': {'R': {'': ['delivers']}}}}}}},
 'E': {'A': {'S': {'Y': {'': ['easy']}}},
       'N': {'A': {'B': {'L': {'': ['enable']}}},
             'P': {'A': {'R': {'': ['empower']}}}},
       'X': {'P': {'A': {'S': {'A': {'V': {'': ['expesive']}}}}}}},
 'F': {'A': {'C': {'': ['fuck']}, 'T': {'A': {'R': {'': ['feature']}}}}},
 'H': {'A': {'G': {'H': {'G': {'A': {'L': {'A': {'T': {'Y': {'': ['high quality']}}}}}}}},
             'L': {'P': {'': ['help']}},
             'N': {'A': {'S': {'T': {'': ['honest']}}}}}},
 'I': {'N': {'A': {'V': {'A': {'T': {'A': {'V': {'': ['innovative']}}}}}}},
       'S': {'': ['issues']}},
 'L': {'A': {'D': {'A': {'R': {'': ['leader']}}},
             'F': {'A': {'S': {'T': {'A': {'L': {'': ['lifestyle']}}}}}},
             'R': {'G': {'A': {'S': {'T': {'': ['largest']}}}}},
             'V': {'': ['love']}}},
 'N': {'A': {'D': {'': ['need']},
             'T': {'W': {'A': {'R': {'C': {'': ['network']}}}}}}},
 'P': {'A': {'N': {'L': {'': ['painless']}}},
       'R': {'A': {'B': {'L': {'A': {'N': {'': ['problem']}}}},
                   'C': {'A': {'N': {'G': {'': ['pricing']}}}},
                   'D': {'A': {'C': {'T': {'': ['products']}}}},
                   'N': {'A': {'N': {'': ['premium']}}},
                   'V': {'A': {'D': {'': ['provide']}}}}}},
 'R': {'A': {'L': {'A': {'B': {'L': {'': ['reliable']}}}}}},
 'S': {'A': {'L': {'V': {'': ['solves']}},
             'R': {'P': {'R': {'A': {'S': {'': ['surprise']}}}},
                   'V': {'A': {'C': {'': ['services']}}}}},
       'C': {'R': {'': ['screw']}},
       'P': {'R': {'A': {'D': {'': ['sprint']}}}}},
 'T': {'N': {'A': {'B': {'A': {'L': {'': ['t-mobile']}}}}},
       'R': {'A': {'S': {'T': {'': ['trust'],
                               'W': {'A': {'R': {'T': {'H': {'Y': {'': ['trustworthy']}}}}}}}}}}},
 'U': {'S': {'C': {'A': {'L': {'A': {'L': {'A': {'R': {'': ['us cellular']}}}}}}}}},
 'V': {'A': {'L': {'': ['value']},
             'R': {'A': {'S': {'A': {'N': {'': ['verizon']}}}}}}},
 'W': {'A': {'R': {'A': {'L': {'': ['wireless']}},
                   'T': {'H': {'': ['worth']}}}}},
 'a': {'&': {'t': {' ': {'w': {'i': {'r': {'e': {'l': {'e': {'s': {'s': {'': ['at&t wireless']}}}}}}}}},
                   't': {' ': {'w': {'i': {'r': {'e': {'l': {'e': {'s': {'s': {'': ['at&t wireless']}}}}}}}}}}}},
       '.': {' ': {'w': {'.': {'': ['at&t wireless']}}},
             'w': {'.': {'': ['at&t wireless']}}},
       'a': {'t': {'&': {'t': {' ': {'w': {'i': {'r': {'e': {'l': {'e': {'s': {'s': {'': ['at&t wireless']}}}}}}}}}}}}},
       'e': {'s': {'y': {'': ['easy']}}},
       'i': {'n': {'l': {'e': {'s': {'s': {'': ['painless']}}}}}},
       'l': {'r': {'g': {'e': {'s': {'t': {'': ['largest']}}}}},
             'u': {'e': {'': ['value']}}},
       'p': {'i': {'n': {'l': {'e': {'s': {'s': {'': ['painless']}}}}}}},
       'r': {'g': {'e': {'s': {'t': {'': ['largest']}}}}},
       's': {'y': {'': ['easy']}},
       't': {'&': {' ': {'t': {'w': {'i': {'r': {'e': {'l': {'e': {'s': {'s': {'': ['at&t wireless']}}}}}}}}},
                         'w': {'i': {'r': {'e': {'l': {'e': {'s': {'s': {'': ['at&t wireless']}}}}}}}}},
                   '&': {'t': {' ': {'w': {'i': {'r': {'e': {'l': {'e': {'s': {'s': {'': ['at&t wireless']}}}}}}}}}}},
                   't': {' ': {' ': {'w': {'i': {'r': {'e': {'l': {'e': {'s': {'s': {'': ['at&t wireless']}}}}}}}}},
                               'i': {'r': {'e': {'l': {'e': {'s': {'s': {'': ['at&t wireless']}}}}}},
                                     'w': {'r': {'e': {'l': {'e': {'s': {'s': {'': ['at&t wireless']}}}}}}}},
                               'w': {'i': {'e': {'l': {'e': {'s': {'s': {'': ['at&t wireless']}}}},
                                                 'r': {'l': {'e': {'s': {'s': {'': ['at&t wireless']}}}}}},
                                           'i': {'r': {'e': {'l': {'e': {'s': {'s': {'': ['at&t wireless']}}}}}}},
                                           'r': {'e': {'e': {'l': {'e': {'s': {'s': {'': ['at&t wireless']}}},
                                                                   's': {'s': {'': ['at&t wireless']}}},
                                                             's': {'s': {'': ['at&t wireless']}}},
                                                       'l': {'e': {'e': {'s': {'s': {'': ['at&t wireless']}}},
                                                                   's': {'': ['at&t wireless'],
                                                                         's': {'': ['at&t wireless'],
                                                                               's': {'': ['at&t wireless']}}}},
                                                             'l': {'e': {'s': {'s': {'': ['at&t wireless']}}}},
                                                             's': {'e': {'s': {'': ['at&t wireless']}},
                                                                   's': {'': ['at&t wireless']}}}},
                                                 'l': {'e': {'e': {'s': {'s': {'': ['at&t wireless']}}},
                                                             's': {'s': {'': ['at&t wireless']}}}},
                                                 'r': {'e': {'l': {'e': {'s': {'s': {'': ['at&t wireless']}}}}}}}},
                                     'r': {'e': {'l': {'e': {'s': {'s': {'': ['at&t wireless']}}}}},
                                           'i': {'e': {'l': {'e': {'s': {'s': {'': ['at&t wireless']}}}}}}},
                                     'w': {'i': {'r': {'e': {'l': {'e': {'s': {'s': {'': ['at&t wireless']}}}}}}}}}},
                         't': {' ': {'w': {'i': {'r': {'e': {'l': {'e': {'s': {'s': {'': ['at&t wireless']}}}}}}}}}},
                         'w': {' ': {'i': {'r': {'e': {'l': {'e': {'s': {'s': {'': ['at&t wireless']}}}}}}}},
                               'i': {'r': {'e': {'l': {'e': {'s': {'s': {'': ['at&t wireless']}}}}}}}}}},
             't': {' ': {'w': {'i': {'r': {'e': {'l': {'e': {'s': {'s': {'': ['at&t wireless']}}}}}}}}},
                   '&': {' ': {'w': {'i': {'r': {'e': {'l': {'e': {'s': {'s': {'': ['at&t wireless']}}}}}}}}},
                         't': {' ': {'w': {'i': {'r': {'e': {'l': {'e': {'s': {'s': {'': ['at&t wireless']}}}}}}}}}}}}},
       'v': {'l': {'u': {'e': {'': ['value']}}}},
       'w': {'': ['at&t wireless']}},
 'b': {'b': {'e': {'s': {'t': {'': ['best']}}}},
       'e': {'e': {'s': {'t': {'': ['best']}}},
             's': {'': ['best'],
                   's': {'t': {'': ['best']}},
                   't': {'': ['best'], 't': {'': ['best']}}},
             't': {'': ['best'], 's': {'': ['best']}}},
       's': {'e': {'t': {'': ['best']}}, 't': {'': ['best']}}},
 'c': {'c': {'h': {'e': {'a': {'t': {'': ['cheat']}}}},
             'l': {'e': {'a': {'r': {'': ['clear']}}}},
             'o': {'n': {'s': {'i': {'s': {'t': {'e': {'n': {'t': {'': ['consistent']}}}}}}},
                         'v': {'e': {'n': {'i': {'e': {'n': {'t': {'': ['convenient']}}}}}}}}}},
       'e': {'a': {'r': {'': ['clear']}, 't': {'': ['cheat']}},
             'h': {'a': {'t': {'': ['cheat']}}},
             'l': {'a': {'r': {'': ['clear']}}}},
       'h': {'a': {'e': {'t': {'': ['cheat']}}, 't': {'': ['cheat']}},
             'e': {'a': {'': ['cheat'],
                         'a': {'t': {'': ['cheat']}},
                         't': {'': ['cheat'], 't': {'': ['cheat']}}},
                   'e': {'a': {'t': {'': ['cheat']}}},
                   't': {'': ['cheat'], 'a': {'': ['cheat']}}},
             'h': {'e': {'a': {'t': {'': ['cheat']}}}},
             't': {'': ['cheat']}},
       'l': {'a': {'e': {'r': {'': ['clear']}}, 'r': {'': ['clear']}},
             'e': {'a': {'': ['clear'],
                         'a': {'r': {'': ['clear']}},
                         'r': {'': ['clear'], 'r': {'': ['clear']}}},
                   'e': {'a': {'r': {'': ['clear']}}},
                   'r': {'': ['clear'], 'a': {'': ['clear']}}},
             'l': {'e': {'a': {'r': {'': ['clear']}}}},
             'r': {'': ['clear']}},
       'n': {'o': {'s': {'i': {'s': {'t': {'e': {'n': {'t': {'': ['consistent']}}}}}}},
                   'v': {'e': {'n': {'i': {'e': {'n': {'t': {'': ['convenient']}}}}}}}},
             's': {'i': {'s': {'t': {'e': {'n': {'t': {'': ['consistent']}}}}}},
                   's': {'t': {'n': {'t': {'': ['consistent']}}}}},
             'v': {'e': {'n': {'i': {'e': {'n': {'t': {'': ['convenient']}}}}}},
                   'n': {'n': {'t': {'': ['convenient']}}}}},
       'o': {'n': {'e': {'n': {'i': {'e': {'n': {'t': {'': ['convenient']}}}}},
                         'v': {'n': {'i': {'e': {'n': {'t': {'': ['convenient']}}}}}}},
                   'i': {'s': {'s': {'t': {'e': {'n': {'t': {'': ['consistent']}}}}},
                               't': {'e': {'n': {'t': {'': ['consistent']}}}}}},
                   'n': {'s': {'i': {'s': {'t': {'e': {'n': {'t': {'': ['consistent']}}}}}}},
                         'v': {'e': {'n': {'i': {'e': {'n': {'t': {'': ['convenient']}}}}}}}},
                   's': {'i': {'i': {'s': {'t': {'e': {'n': {'t': {'': ['consistent']}}}}}},
                               's': {'e': {'n': {'t': {'': ['consistent']}},
                                           't': {'n': {'t': {'': ['consistent']}}}},
                                     's': {'t': {'e': {'n': {'t': {'': ['consistent']}}}}},
                                     't': {'e': {'e': {'n': {'t': {'': ['consistent']}}},
                                                 'n': {'': ['consistent'],
                                                       'n': {'t': {'': ['consistent']}},
                                                       't': {'': ['consistent'],
                                                             't': {'': ['consistent']}}},
                                                 't': {'': ['consistent'],
                                                       'n': {'': ['consistent']}}},
                                           'n': {'e': {'t': {'': ['consistent']}},
                                                 't': {'': ['consistent']}},
                                           't': {'e': {'n': {'t': {'': ['consistent']}}}}}},
                               't': {'e': {'n': {'t': {'': ['consistent']}}},
                                     's': {'e': {'n': {'t': {'': ['consistent']}}}}}},
                         's': {'i': {'s': {'t': {'e': {'n': {'t': {'': ['consistent']}}}}},
                                     't': {'e': {'n': {'t': {'': ['consistent']}}}}},
                               't': {'e': {'n': {'t': {'': ['consistent']}}}}}},
                   'v': {'e': {'e': {'n': {'i': {'e': {'n': {'t': {'': ['convenient']}}}}}},
                               'i': {'e': {'n': {'t': {'': ['convenient']}}},
                                     'n': {'e': {'n': {'t': {'': ['convenient']}}}}},
                               'n': {'e': {'i': {'n': {'t': {'': ['convenient']}}},
                                           'n': {'t': {'': ['convenient']}}},
                                     'i': {'e': {'e': {'n': {'t': {'': ['convenient']}}},
                                                 'n': {'': ['convenient'],
                                                       'n': {'t': {'': ['convenient']}},
                                                       't': {'': ['convenient'],
                                                             't': {'': ['convenient']}}},
                                                 't': {'': ['convenient'],
                                                       'n': {'': ['convenient']}}},
                                           'i': {'e': {'n': {'t': {'': ['convenient']}}}},
                                           'n': {'e': {'t': {'': ['convenient']}},
                                                 't': {'': ['convenient']}}},
                                     'n': {'i': {'e': {'n': {'t': {'': ['convenient']}}}}}}},
                         'n': {'e': {'i': {'e': {'n': {'t': {'': ['convenient']}}}}},
                               'i': {'e': {'n': {'t': {'': ['convenient']}}}}},
                         'v': {'e': {'n': {'i': {'e': {'n': {'t': {'': ['convenient']}}}}}}}}},
             'o': {'n': {'s': {'i': {'s': {'t': {'e': {'n': {'t': {'': ['consistent']}}}}}}},
                         'v': {'e': {'n': {'i': {'e': {'n': {'t': {'': ['convenient']}}}}}}}}},
             's': {'i': {'s': {'t': {'e': {'n': {'t': {'': ['consistent']}}}}}},
                   'n': {'i': {'s': {'t': {'e': {'n': {'t': {'': ['consistent']}}}}}}}},
             'v': {'e': {'n': {'i': {'e': {'n': {'t': {'': ['convenient']}}}}}},
                   'n': {'e': {'n': {'i': {'e': {'n': {'t': {'': ['convenient']}}}}}}}}},
       'r': {'e': {'w': {'': ['screw']}}},
       's': {'r': {'e': {'w': {'': ['screw']}}}}},
 'd': {'d': {'e': {'l': {'i': {'v': {'e': {'r': {'s': {'': ['delivers']}}}}}}}},
       'e': {'e': {'l': {'i': {'v': {'e': {'r': {'s': {'': ['delivers']}}}}}}},
             'i': {'l': {'v': {'e': {'r': {'s': {'': ['delivers']}}}}},
                   'v': {'e': {'r': {'s': {'': ['delivers']}}}}},
             'l': {'i': {'e': {'r': {'s': {'': ['delivers']}},
                               'v': {'r': {'s': {'': ['delivers']}}}},
                         'i': {'v': {'e': {'r': {'s': {'': ['delivers']}}}}},
                         'v': {'e': {'e': {'r': {'s': {'': ['delivers']}}},
                                     'r': {'': ['delivers'],
                                           'r': {'s': {'': ['delivers']}},
                                           's': {'': ['delivers'],
                                                 's': {'': ['delivers']}}},
                                     's': {'': ['delivers'],
                                           'r': {'': ['delivers']}}},
                               'r': {'e': {'s': {'': ['delivers']}},
                                     's': {'': ['delivers']}},
                               'v': {'e': {'r': {'s': {'': ['delivers']}}}}}},
                   'l': {'i': {'v': {'e': {'r': {'s': {'': ['delivers']}}}}}},
                   'v': {'e': {'r': {'s': {'': ['delivers']}}},
                         'i': {'e': {'r': {'s': {'': ['delivers']}}}}}}},
       'l': {'e': {'i': {'v': {'e': {'r': {'s': {'': ['delivers']}}}}}},
             'i': {'v': {'e': {'r': {'s': {'': ['delivers']}}}}},
             'v': {'r': {'s': {'': ['delivers']}}}}},
 'e': {'a': {'a': {'s': {'y': {'': ['easy']}}},
             'b': {'l': {'e': {'': ['enable']}}},
             'd': {'e': {'r': {'': ['leader']}}},
             'n': {'b': {'l': {'e': {'': ['enable']}}}},
             's': {'': ['easy'],
                   's': {'y': {'': ['easy']}},
                   'y': {'': ['easy'], 'y': {'': ['easy']}}},
             't': {'u': {'r': {'e': {'': ['feature']}}}},
             'y': {'': ['easy'], 's': {'': ['easy']}}},
       'b': {'s': {'t': {'': ['best']}}},
       'd': {'l': {'i': {'v': {'e': {'r': {'s': {'': ['delivers']}}}}}}},
       'e': {'a': {'s': {'y': {'': ['easy']}}},
             'd': {'': ['need']},
             'm': {'p': {'o': {'w': {'e': {'r': {'': ['empower']}}}}}},
             'n': {'a': {'b': {'l': {'e': {'': ['enable']}}}}},
             'x': {'p': {'e': {'s': {'i': {'v': {'e': {'': ['expesive']}}}}}}}},
       'f': {'a': {'t': {'u': {'r': {'e': {'': ['feature']}}}}}},
       'h': {'l': {'p': {'': ['help']}}},
       'l': {'a': {'d': {'e': {'r': {'': ['leader']}}}},
             'i': {'a': {'b': {'l': {'e': {'': ['reliable']}}}},
                   'v': {'e': {'r': {'s': {'': ['delivers']}}}}},
             'p': {'': ['help']}},
       'm': {'m': {'p': {'o': {'w': {'e': {'r': {'': ['empower']}}}}}},
             'o': {'p': {'w': {'e': {'r': {'': ['empower']}}}},
                   'w': {'e': {'r': {'': ['empower']}}}},
             'p': {'o': {'e': {'r': {'': ['empower']},
                               'w': {'r': {'': ['empower']}}},
                         'o': {'w': {'e': {'r': {'': ['empower']}}}},
                         'w': {'e': {'': ['empower'],
                                     'e': {'r': {'': ['empower']}},
                                     'r': {'': ['empower'],
                                           'r': {'': ['empower']}}},
                               'r': {'': ['empower'],
                                     'e': {'': ['empower']}},
                               'w': {'e': {'r': {'': ['empower']}}}}},
                   'p': {'o': {'w': {'e': {'r': {'': ['empower']}}}}},
                   'w': {'e': {'r': {'': ['empower']}},
                         'o': {'e': {'r': {'': ['empower']}}}}}},
       'n': {'a': {'a': {'b': {'l': {'e': {'': ['enable']}}}},
                   'b': {'b': {'l': {'e': {'': ['enable']}}},
                         'e': {'': ['enable'], 'l': {'': ['enable']}},
                         'l': {'': ['enable'],
                               'e': {'': ['enable'],
                                     'e': {'': ['enable']}},
                               'l': {'e': {'': ['enable']}}}},
                   'l': {'b': {'e': {'': ['enable']}},
                         'e': {'': ['enable']}}},
             'b': {'a': {'l': {'e': {'': ['enable']}}},
                   'l': {'e': {'': ['enable']}}},
             'e': {'d': {'': ['need']}},
             'n': {'a': {'b': {'l': {'e': {'': ['enable']}}}}},
             't': {'w': {'o': {'r': {'k': {'': ['network']}}}}}},
       'p': {'e': {'s': {'i': {'v': {'e': {'': ['expesive']}}}}},
             'm': {'o': {'w': {'e': {'r': {'': ['empower']}}}}},
             'o': {'w': {'e': {'r': {'': ['empower']}}}},
             'x': {'e': {'s': {'i': {'v': {'e': {'': ['expesive']}}}}}}},
       'r': {'i': {'z': {'o': {'n': {'': ['verizon']}}}},
             'l': {'i': {'a': {'b': {'l': {'e': {'': ['reliable']}}}}}},
             'v': {'i': {'c': {'e': {'s': {'': ['services']}}}}}},
       's': {'a': {'y': {'': ['easy']}},
             'r': {'v': {'i': {'c': {'e': {'s': {'': ['services']}}}}}},
             't': {'': ['best']},
             'y': {'': ['easy']}},
       't': {'w': {'o': {'r': {'k': {'': ['network']}}}}},
       'v': {'r': {'i': {'z': {'o': {'n': {'': ['verizon']}}}}}},
       'x': {'e': {'p': {'s': {'i': {'v': {'e': {'': ['expesive']}}}}},
                   's': {'i': {'v': {'e': {'': ['expesive']}}}}},
             'p': {'e': {'e': {'s': {'i': {'v': {'e': {'': ['expesive']}}}}},
                         'i': {'s': {'v': {'e': {'': ['expesive']}}},
                               'v': {'e': {'': ['expesive']}}},
                         's': {'i': {'e': {'': ['expesive'],
                                           'v': {'': ['expesive']}},
                                     'i': {'v': {'e': {'': ['expesive']}}},
                                     'v': {'': ['expesive'],
                                           'e': {'': ['expesive'],
                                                 'e': {'': ['expesive']}},
                                           'v': {'e': {'': ['expesive']}}}},
                               's': {'i': {'v': {'e': {'': ['expesive']}}}},
                               'v': {'e': {'': ['expesive']},
                                     'i': {'e': {'': ['expesive']}}}}},
                   'p': {'e': {'s': {'i': {'v': {'e': {'': ['expesive']}}}}}},
                   's': {'e': {'i': {'v': {'e': {'': ['expesive']}}}},
                         'i': {'v': {'e': {'': ['expesive']}}}}},
             'x': {'p': {'e': {'s': {'i': {'v': {'e': {'': ['expesive']}}}}}}}}},
 'f': {'a': {'e': {'t': {'u': {'r': {'e': {'': ['feature']}}}}},
             't': {'u': {'r': {'e': {'': ['feature']}}}}},
       'c': {'k': {'': ['fuck']}, 'u': {'k': {'': ['fuck']}}},
       'e': {'a': {'a': {'t': {'u': {'r': {'e': {'': ['feature']}}}}},
                   't': {'r': {'e': {'': ['feature']},
                               'u': {'e': {'': ['feature']}}},
                         't': {'u': {'r': {'e': {'': ['feature']}}}},
                         'u': {'e': {'': ['feature'],
                                     'r': {'': ['feature']}},
                               'r': {'': ['feature'],
                                     'e': {'': ['feature'],
                                           'e': {'': ['feature']}},
                                     'r': {'e': {'': ['feature']}}},
                               'u': {'r': {'e': {'': ['feature']}}}}},
                   'u': {'r': {'e': {'': ['feature']}},
                         't': {'r': {'e': {'': ['feature']}}}}},
             'e': {'a': {'t': {'u': {'r': {'e': {'': ['feature']}}}}}},
             't': {'a': {'u': {'r': {'e': {'': ['feature']}}}},
                   'u': {'r': {'e': {'': ['feature']}}}}},
       'f': {'e': {'a': {'t': {'u': {'r': {'e': {'': ['feature']}}}}}},
             'u': {'c': {'k': {'': ['fuck']}}}},
       't': {'r': {'': ['feature']}},
       'u': {'c': {'': ['fuck'],
                   'c': {'k': {'': ['fuck']}},
                   'k': {'': ['fuck'], 'k': {'': ['fuck']}}},
             'k': {'': ['fuck'], 'c': {'': ['fuck']}},
             'u': {'c': {'k': {'': ['fuck']}}}}},
 'g': {'4': {'': ['4g']}},
 'h': {'.': {' ': {'q': {'.': {'': ['high quality']}}},
             'q': {'.': {'': ['high quality']}}},
       'c': {'e': {'a': {'t': {'': ['cheat']}}}},
       'e': {'a': {'t': {'': ['cheat']}},
             'e': {'l': {'p': {'': ['help']}}},
             'l': {'': ['help'],
                   'l': {'p': {'': ['help']}},
                   'p': {'': ['help'], 'p': {'': ['help']}}},
             'p': {'': ['help'], 'l': {'': ['help']}}},
       'g': {'h': {' ': {'q': {'l': {'t': {'y': {'': ['high quality']}}},
                               'u': {'a': {'l': {'i': {'t': {'y': {'': ['high quality']}}}}}}}}},
             'i': {'h': {' ': {'q': {'u': {'a': {'l': {'i': {'t': {'y': {'': ['high quality']}}}}}}}}}}},
       'h': {'e': {'l': {'p': {'': ['help']}}},
             'i': {'g': {'h': {' ': {'q': {'u': {'a': {'l': {'i': {'t': {'y': {'': ['high quality']}}}}}}}}}}},
             'o': {'n': {'e': {'s': {'t': {'': ['honest']}}}}}},
       'i': {'g': {' ': {'h': {'q': {'u': {'a': {'l': {'i': {'t': {'y': {'': ['high quality']}}}}}}}},
                         'q': {'u': {'a': {'l': {'i': {'t': {'y': {'': ['high quality']}}}}}}}},
                   'g': {'h': {' ': {'q': {'u': {'a': {'l': {'i': {'t': {'y': {'': ['high quality']}}}}}}}}}},
                   'h': {' ': {' ': {'q': {'u': {'a': {'l': {'i': {'t': {'y': {'': ['high quality']}}}}}}}},
                               'q': {'a': {'l': {'i': {'t': {'y': {'': ['high quality']}}}},
                                           'u': {'l': {'i': {'t': {'y': {'': ['high quality']}}}}}},
                                     'q': {'u': {'a': {'l': {'i': {'t': {'y': {'': ['high quality']}}}}}}},
                                     'u': {'a': {'a': {'l': {'i': {'t': {'y': {'': ['high quality']}}}}},
                                                 'i': {'l': {'t': {'y': {'': ['high quality']}}},
                                                       't': {'y': {'': ['high quality']}}},
                                                 'l': {'i': {'i': {'t': {'y': {'': ['high quality']}}},
                                                             't': {'': ['high quality'],
                                                                   't': {'y': {'': ['high quality']}},
                                                                   'y': {'': ['high quality'],
                                                                         'y': {'': ['high quality']}}},
                                                             'y': {'': ['high quality'],
                                                                   't': {'': ['high quality']}}},
                                                       'l': {'i': {'t': {'y': {'': ['high quality']}}}},
                                                       't': {'i': {'y': {'': ['high quality']}},
                                                             'y': {'': ['high quality']}}}},
                                           'l': {'a': {'i': {'t': {'y': {'': ['high quality']}}}},
                                                 'i': {'t': {'y': {'': ['high quality']}}}},
                                           'u': {'a': {'l': {'i': {'t': {'y': {'': ['high quality']}}}}}}}},
                               'u': {'a': {'l': {'i': {'t': {'y': {'': ['high quality']}}}}},
                                     'q': {'a': {'l': {'i': {'t': {'y': {'': ['high quality']}}}}}}}},
                         'h': {' ': {'q': {'u': {'a': {'l': {'i': {'t': {'y': {'': ['high quality']}}}}}}}}},
                         'q': {' ': {'u': {'a': {'l': {'i': {'t': {'y': {'': ['high quality']}}}}}}},
                               'u': {'a': {'l': {'i': {'t': {'y': {'': ['high quality']}}}}}}}}},
             'h': {' ': {'q': {'u': {'a': {'l': {'i': {'t': {'y': {'': ['high quality']}}}}}}}},
                   'g': {' ': {'q': {'u': {'a': {'l': {'i': {'t': {'y': {'': ['high quality']}}}}}}}}}},
             'i': {'g': {'h': {' ': {'q': {'u': {'a': {'l': {'i': {'t': {'y': {'': ['high quality']}}}}}}}}}}}},
       'l': {'e': {'p': {'': ['help']}}, 'p': {'': ['help']}},
       'n': {'e': {'s': {'t': {'': ['honest']}}},
             'o': {'e': {'s': {'t': {'': ['honest']}}}},
             's': {'t': {'': ['honest']}}},
       'o': {'e': {'n': {'s': {'t': {'': ['honest']}}},
                   's': {'t': {'': ['honest']}}},
             'n': {'e': {'e': {'s': {'t': {'': ['honest']}}},
                         's': {'': ['honest'],
                               's': {'t': {'': ['honest']}},
                               't': {'': ['honest'],
                                     't': {'': ['honest']}}},
                         't': {'': ['honest'], 's': {'': ['honest']}}},
                   'n': {'e': {'s': {'t': {'': ['honest']}}}},
                   's': {'e': {'t': {'': ['honest']}},
                         't': {'': ['honest']}}},
             'o': {'n': {'e': {'s': {'t': {'': ['honest']}}}}}},
       'q': {'': ['high quality']}},
 'i': {'f': {'e': {'s': {'t': {'y': {'l': {'e': {'': ['lifestyle']}}}}}}},
       'g': {'h': {' ': {'q': {'u': {'a': {'l': {'i': {'t': {'y': {'': ['high quality']}}}}}}}}}},
       'h': {'g': {'h': {' ': {'q': {'u': {'a': {'l': {'i': {'t': {'y': {'': ['high quality']}}}}}}}}}}},
       'i': {'n': {'n': {'o': {'v': {'a': {'t': {'i': {'v': {'e': {'': ['innovative']}}}}}}}}},
             's': {'s': {'u': {'e': {'s': {'': ['issues']}}}}}},
       'l': {'f': {'e': {'s': {'t': {'y': {'l': {'e': {'': ['lifestyle']}}}}}}}},
       'n': {'n': {'n': {'o': {'v': {'a': {'t': {'i': {'v': {'e': {'': ['innovative']}}}}}}}},
                   'o': {'a': {'t': {'i': {'v': {'e': {'': ['innovative']}}}},
                               'v': {'t': {'i': {'v': {'e': {'': ['innovative']}}}}}},
                         'o': {'v': {'a': {'t': {'i': {'v': {'e': {'': ['innovative']}}}}}}},
                         'v': {'a': {'a': {'t': {'i': {'v': {'e': {'': ['innovative']}}}}},
                                     'i': {'t': {'v': {'e': {'': ['innovative']}}},
                                           'v': {'e': {'': ['innovative']}}},
                                     't': {'i': {'e': {'': ['innovative'],
                                                       'v': {'': ['innovative']}},
                                                 'i': {'v': {'e': {'': ['innovative']}}},
                                                 'v': {'': ['innovative'],
                                                       'e': {'': ['innovative'],
                                                             'e': {'': ['innovative']}},
                                                       'v': {'e': {'': ['innovative']}}}},
                                           't': {'i': {'v': {'e': {'': ['innovative']}}}},
                                           'v': {'e': {'': ['innovative']},
                                                 'i': {'e': {'': ['innovative']}}}}},
                               't': {'a': {'i': {'v': {'e': {'': ['innovative']}}}},
                                     'i': {'v': {'e': {'': ['innovative']}}}},
                               'v': {'a': {'t': {'i': {'v': {'e': {'': ['innovative']}}}}}}}},
                   'v': {'a': {'t': {'i': {'v': {'e': {'': ['innovative']}}}}},
                         'o': {'a': {'t': {'i': {'v': {'e': {'': ['innovative']}}}}}}}},
             'o': {'n': {'v': {'a': {'t': {'i': {'v': {'e': {'': ['innovative']}}}}}}},
                   'v': {'a': {'t': {'i': {'v': {'e': {'': ['innovative']}}}}}}}},
       'r': {'e': {'l': {'e': {'s': {'s': {'': ['wireless']}}}}}},
       's': {'s': {'e': {'s': {'': ['issues']},
                         'u': {'s': {'': ['issues']}}},
                   's': {'u': {'e': {'s': {'': ['issues']}}}},
                   'u': {'e': {'': ['issues'],
                               'e': {'s': {'': ['issues']}},
                               's': {'': ['issues'],
                                     's': {'': ['issues']}}},
                         's': {'': ['issues'], 'e': {'': ['issues']}},
                         'u': {'e': {'s': {'': ['issues']}}}}},
             'u': {'e': {'s': {'': ['issues']}},
                   's': {'e': {'s': {'': ['issues']}}}}},
       'w': {'r': {'e': {'l': {'e': {'s': {'s': {'': ['wireless']}}}}}}}},
 'l': {'a': {'a': {'r': {'g': {'e': {'s': {'t': {'': ['largest']}}}}}},
             'd': {'e': {'r': {'': ['leader']}}},
             'e': {'d': {'e': {'r': {'': ['leader']}}}},
             'g': {'e': {'s': {'t': {'': ['largest']}}},
                   'r': {'e': {'s': {'t': {'': ['largest']}}}}},
             'r': {'e': {'g': {'s': {'t': {'': ['largest']}}},
                         's': {'t': {'': ['largest']}}},
                   'g': {'e': {'e': {'s': {'t': {'': ['largest']}}},
                               's': {'': ['largest'],
                                     's': {'t': {'': ['largest']}},
                                     't': {'': ['largest'],
                                           't': {'': ['largest']}}},
                               't': {'': ['largest'],
                                     's': {'': ['largest']}}},
                         'g': {'e': {'s': {'t': {'': ['largest']}}}},
                         's': {'e': {'t': {'': ['largest']}},
                               't': {'': ['largest']}}},
                   'r': {'g': {'e': {'s': {'t': {'': ['largest']}}}}}}},
       'c': {'e': {'a': {'r': {'': ['clear']}}}},
       'd': {'r': {'': ['leader']}},
       'e': {'a': {'a': {'d': {'e': {'r': {'': ['leader']}}}},
                   'd': {'d': {'e': {'r': {'': ['leader']}}},
                         'e': {'': ['leader'],
                               'e': {'r': {'': ['leader']}},
                               'r': {'': ['leader'],
                                     'r': {'': ['leader']}}},
                         'r': {'': ['leader'], 'e': {'': ['leader']}}},
                   'e': {'d': {'r': {'': ['leader']}},
                         'r': {'': ['leader']}},
                   'r': {'': ['clear']}},
             'd': {'a': {'e': {'r': {'': ['leader']}}},
                   'e': {'r': {'': ['leader']}}},
             'e': {'a': {'d': {'e': {'r': {'': ['leader']}}}}}},
       'f': {'e': {'s': {'t': {'y': {'l': {'e': {'': ['lifestyle']}}}}}},
             'i': {'e': {'s': {'t': {'y': {'l': {'e': {'': ['lifestyle']}}}}}}},
             's': {'t': {'y': {'l': {'': ['lifestyle']}}}}},
       'i': {'e': {'f': {'s': {'t': {'y': {'l': {'e': {'': ['lifestyle']}}}}}},
                   's': {'t': {'y': {'l': {'e': {'': ['lifestyle']}}}}}},
             'f': {'e': {'e': {'s': {'t': {'y': {'l': {'e': {'': ['lifestyle']}}}}}},
                         's': {'s': {'t': {'y': {'l': {'e': {'': ['lifestyle']}}}}},
                               't': {'l': {'e': {'': ['lifestyle']},
                                           'y': {'e': {'': ['lifestyle']}}},
                                     't': {'y': {'l': {'e': {'': ['lifestyle']}}}},
                                     'y': {'e': {'': ['lifestyle'],
                                                 'l': {'': ['lifestyle']}},
                                           'l': {'': ['lifestyle'],
                                                 'e': {'': ['lifestyle'],
                                                       'e': {'': ['lifestyle']}},
                                                 'l': {'e': {'': ['lifestyle']}}},
                                           'y': {'l': {'e': {'': ['lifestyle']}}}}},
                               'y': {'l': {'e': {'': ['lifestyle']}},
                                     't': {'l': {'e': {'': ['lifestyle']}}}}},
                         't': {'s': {'y': {'l': {'e': {'': ['lifestyle']}}}},
                               'y': {'l': {'e': {'': ['lifestyle']}}}}},
                   'f': {'e': {'s': {'t': {'y': {'l': {'e': {'': ['lifestyle']}}}}}}},
                   's': {'e': {'t': {'y': {'l': {'e': {'': ['lifestyle']}}}}},
                         't': {'y': {'l': {'e': {'': ['lifestyle']}}}}}},
             'i': {'f': {'e': {'s': {'t': {'y': {'l': {'e': {'': ['lifestyle']}}}}}}}}},
       'l': {'a': {'r': {'g': {'e': {'s': {'t': {'': ['largest']}}}}}},
             'e': {'a': {'d': {'e': {'r': {'': ['leader']}}}}},
             'i': {'f': {'e': {'s': {'t': {'y': {'l': {'e': {'': ['lifestyle']}}}}}}}},
             'o': {'v': {'e': {'': ['love']}}}},
       'o': {'e': {'': ['love'], 'v': {'': ['love']}},
             'o': {'v': {'e': {'': ['love']}}},
             'v': {'': ['love'],
                   'e': {'': ['love'], 'e': {'': ['love']}},
                   'v': {'e': {'': ['love']}}}},
       'r': {'a': {'g': {'e': {'s': {'t': {'': ['largest']}}}}},
             'g': {'e': {'s': {'t': {'': ['largest']}}},
                   's': {'t': {'': ['largest']}}}},
       'v': {'': ['love'], 'e': {'': ['love']}, 'o': {'e': {'': ['love']}}}},
 'm': {'e': {'p': {'o': {'w': {'e': {'r': {'': ['empower']}}}}}},
       'p': {'o': {'w': {'e': {'r': {'': ['empower']}}}},
             'w': {'r': {'': ['empower']}}}},
 'n': {'a': {'b': {'l': {'e': {'': ['enable']}}}},
       'b': {'l': {'': ['enable']}},
       'd': {'': ['need']},
       'e': {'a': {'b': {'l': {'e': {'': ['enable']}}}},
             'd': {'': ['need'], 'e': {'': ['need']}},
             'e': {'': ['need'],
                   'd': {'': ['need'], 'd': {'': ['need']}},
                   'e': {'d': {'': ['need']}},
                   't': {'w': {'o': {'r': {'k': {'': ['network']}}}}}},
             't': {'o': {'r': {'k': {'': ['network']}},
                         'w': {'r': {'k': {'': ['network']}}}},
                   't': {'w': {'o': {'r': {'k': {'': ['network']}}}}},
                   'w': {'o': {'k': {'': ['network'],
                                     'r': {'': ['network']}},
                               'o': {'r': {'k': {'': ['network']}}},
                               'r': {'': ['network'],
                                     'k': {'': ['network'],
                                           'k': {'': ['network']}},
                                     'r': {'k': {'': ['network']}}}},
                         'r': {'k': {'': ['network']},
                               'o': {'k': {'': ['network']}}},
                         'w': {'o': {'r': {'k': {'': ['network']}}}}}},
             'w': {'o': {'r': {'k': {'': ['network']}}},
                   't': {'o': {'r': {'k': {'': ['network']}}}}}},
       'i': {'n': {'o': {'v': {'a': {'t': {'i': {'v': {'e': {'': ['innovative']}}}}}}}}},
       'n': {'e': {'e': {'d': {'': ['need']}},
                   't': {'w': {'o': {'r': {'k': {'': ['network']}}}}}},
             'o': {'v': {'a': {'t': {'i': {'v': {'e': {'': ['innovative']}}}}}}},
             'v': {'t': {'v': {'': ['innovative']}}}},
       't': {'e': {'w': {'o': {'r': {'k': {'': ['network']}}}}},
             'w': {'o': {'r': {'k': {'': ['network']}}},
                   'r': {'k': {'': ['network']}}}}},
 'o': {'c': {'n': {'s': {'i': {'s': {'t': {'e': {'n': {'t': {'': ['consistent']}}}}}}},
                   'v': {'e': {'n': {'i': {'e': {'n': {'t': {'': ['convenient']}}}}}}}}},
       'h': {'n': {'e': {'s': {'t': {'': ['honest']}}}}},
       'l': {'v': {'e': {'': ['love'], 's': {'': ['solves']}}}},
       'n': {'e': {'s': {'t': {'': ['honest']}}},
             's': {'i': {'s': {'t': {'e': {'n': {'t': {'': ['consistent']}}}}}}},
             'v': {'e': {'n': {'i': {'e': {'n': {'t': {'': ['convenient']}}}}}}}},
       'r': {'t': {'h': {'': ['worth']}}},
       's': {'l': {'v': {'e': {'s': {'': ['solves']}}}}},
       'v': {'e': {'': ['love']}},
       'w': {'r': {'t': {'h': {'': ['worth']}}}}},
 'p': {'a': {'a': {'i': {'n': {'l': {'e': {'s': {'s': {'': ['painless']}}}}}}},
             'i': {'i': {'n': {'l': {'e': {'s': {'s': {'': ['painless']}}}}}},
                   'l': {'e': {'s': {'s': {'': ['painless']}}},
                         'n': {'e': {'s': {'s': {'': ['painless']}}}}},
                   'n': {'e': {'l': {'s': {'s': {'': ['painless']}}},
                               's': {'s': {'': ['painless']}}},
                         'l': {'e': {'e': {'s': {'s': {'': ['painless']}}},
                                     's': {'': ['painless'],
                                           's': {'': ['painless'],
                                                 's': {'': ['painless']}}}},
                               'l': {'e': {'s': {'s': {'': ['painless']}}}},
                               's': {'e': {'s': {'': ['painless']}},
                                     's': {'': ['painless']}}},
                         'n': {'l': {'e': {'s': {'s': {'': ['painless']}}}}}}},
             'n': {'i': {'l': {'e': {'s': {'s': {'': ['painless']}}}}},
                   'l': {'e': {'s': {'s': {'': ['painless']}}}}}},
       'e': {'m': {'i': {'u': {'m': {'': ['premium']}}}},
             'r': {'m': {'i': {'u': {'m': {'': ['premium']}}}}}},
       'i': {'a': {'n': {'l': {'e': {'s': {'s': {'': ['painless']}}}}}},
             'c': {'i': {'n': {'g': {'': ['pricing']}}}},
             'n': {'l': {'e': {'s': {'s': {'': ['painless']}}}}},
             'r': {'c': {'i': {'n': {'g': {'': ['pricing']}}}}}},
       'n': {'l': {'s': {'s': {'': ['painless']}}}},
       'o': {'b': {'l': {'e': {'m': {'': ['problem']}}}},
             'd': {'u': {'c': {'t': {'s': {'': ['products']}}}}},
             'r': {'b': {'l': {'e': {'m': {'': ['problem']}}}},
                   'd': {'u': {'c': {'t': {'s': {'': ['products']}}}}},
                   'v': {'i': {'d': {'e': {'': ['provide']}}}}},
             'v': {'i': {'d': {'e': {'': ['provide']}}}}},
       'p': {'a': {'i': {'n': {'l': {'e': {'s': {'s': {'': ['painless']}}}}}}},
             'r': {'e': {'m': {'i': {'u': {'m': {'': ['premium']}}}}},
                   'i': {'c': {'i': {'n': {'g': {'': ['pricing']}}}}},
                   'o': {'b': {'l': {'e': {'m': {'': ['problem']}}}},
                         'd': {'u': {'c': {'t': {'s': {'': ['products']}}}}},
                         'v': {'i': {'d': {'e': {'': ['provide']}}}}}}},
       'r': {'b': {'l': {'e': {'m': {'': ['problem']}},
                         'm': {'': ['problem']}},
                   'o': {'l': {'e': {'m': {'': ['problem']}}}}},
             'c': {'i': {'i': {'n': {'g': {'': ['pricing']}}},
                         'n': {'g': {'': ['pricing']}}},
                   'n': {'g': {'': ['pricing']}}},
             'd': {'c': {'t': {'s': {'': ['products']}}},
                   'o': {'u': {'c': {'t': {'s': {'': ['products']}}}}},
                   'u': {'c': {'t': {'s': {'': ['products']}}}}},
             'e': {'e': {'m': {'i': {'u': {'m': {'': ['premium']}}}}},
                   'i': {'m': {'u': {'m': {'': ['premium']}}},
                         'u': {'m': {'': ['premium']}}},
                   'm': {'i': {'i': {'u': {'m': {'': ['premium']}}},
                               'm': {'': ['premium'],
                                     'u': {'': ['premium']}},
                               'u': {'': ['premium'],
                                     'm': {'': ['premium'],
                                           'm': {'': ['premium']}},
                                     'u': {'m': {'': ['premium']}}}},
                         'm': {'i': {'u': {'m': {'': ['premium']}}}},
                         'u': {'i': {'m': {'': ['premium']}},
                               'm': {'': ['premium']}}}},
             'i': {'c': {'c': {'i': {'n': {'g': {'': ['pricing']}}}},
                         'i': {'g': {'': ['pricing'],
                                     'n': {'': ['pricing']}},
                               'i': {'n': {'g': {'': ['pricing']}}},
                               'n': {'': ['pricing'],
                                     'g': {'': ['pricing'],
                                           'g': {'': ['pricing']}},
                                     'n': {'g': {'': ['pricing']}}}},
                         'n': {'g': {'': ['pricing']},
                               'i': {'g': {'': ['pricing']}}}},
                   'i': {'c': {'i': {'n': {'g': {'': ['pricing']}}},
                               'n': {'g': {'': ['pricing']}}},
                         'n': {'g': {'': ['pricing']}}},
                   'n': {'t': {'': ['sprint']}}},
             'm': {'e': {'i': {'u': {'m': {'': ['premium']}}}},
                   'i': {'u': {'m': {'': ['premium']}}},
                   'm': {'': ['premium']}},
             'o': {'b': {'b': {'l': {'e': {'m': {'': ['problem']}}}},
                         'e': {'l': {'m': {'': ['problem']}},
                               'm': {'': ['problem']}},
                         'l': {'e': {'': ['problem'],
                                     'e': {'m': {'': ['problem']}},
                                     'm': {'': ['problem'],
                                           'm': {'': ['problem']}}},
                               'l': {'e': {'m': {'': ['problem']}}},
                               'm': {'': ['problem'],
                                     'e': {'': ['problem']}}}},
                   'd': {'c': {'t': {'s': {'': ['products']}},
                               'u': {'t': {'s': {'': ['products']}}}},
                         'd': {'u': {'c': {'t': {'s': {'': ['products']}}}}},
                         'u': {'c': {'c': {'t': {'s': {'': ['products']}}},
                                     's': {'': ['products'],
                                           't': {'': ['products']}},
                                     't': {'': ['products'],
                                           's': {'': ['products'],
                                                 's': {'': ['products']}},
                                           't': {'s': {'': ['products']}}}},
                               't': {'c': {'s': {'': ['products']}},
                                     's': {'': ['products']}},
                               'u': {'c': {'t': {'s': {'': ['products']}}}}}},
                   'i': {'d': {'e': {'': ['provide']}},
                         'v': {'d': {'e': {'': ['provide']}}}},
                   'l': {'b': {'e': {'m': {'': ['problem']}}},
                         'e': {'m': {'': ['problem']}}},
                   'o': {'b': {'l': {'e': {'m': {'': ['problem']}}}},
                         'd': {'u': {'c': {'t': {'s': {'': ['products']}}}}},
                         'v': {'i': {'d': {'e': {'': ['provide']}}}}},
                   'u': {'c': {'t': {'s': {'': ['products']}}},
                         'd': {'c': {'t': {'s': {'': ['products']}}}}},
                   'v': {'d': {'e': {'': ['provide']},
                               'i': {'e': {'': ['provide']}}},
                         'i': {'d': {'': ['provide'],
                                     'd': {'e': {'': ['provide']}},
                                     'e': {'': ['provide'],
                                           'e': {'': ['provide']}}},
                               'e': {'': ['provide'],
                                     'd': {'': ['provide']}},
                               'i': {'d': {'e': {'': ['provide']}}}},
                         'v': {'i': {'d': {'e': {'': ['provide']}}}}}},
             'r': {'e': {'m': {'i': {'u': {'m': {'': ['premium']}}}}},
                   'i': {'c': {'i': {'n': {'g': {'': ['pricing']}}}}},
                   'o': {'b': {'l': {'e': {'m': {'': ['problem']}}}},
                         'd': {'u': {'c': {'t': {'s': {'': ['products']}}}}},
                         'v': {'i': {'d': {'e': {'': ['provide']}}}}}},
             'v': {'d': {'': ['provide']},
                   'i': {'d': {'e': {'': ['provide']}}},
                   'o': {'i': {'d': {'e': {'': ['provide']}}}}}},
       's': {'r': {'i': {'n': {'t': {'': ['sprint']}}}}}},
 'r': {'e': {'e': {'l': {'i': {'a': {'b': {'l': {'e': {'': ['reliable']}}}}}}},
             'i': {'a': {'b': {'l': {'e': {'': ['reliable']}}}},
                   'l': {'a': {'b': {'l': {'e': {'': ['reliable']}}}}}},
             'l': {'a': {'b': {'l': {'e': {'': ['reliable']}}},
                         'i': {'b': {'l': {'e': {'': ['reliable']}}}}},
                   'i': {'a': {'a': {'b': {'l': {'e': {'': ['reliable']}}}},
                               'b': {'b': {'l': {'e': {'': ['reliable']}}},
                                     'e': {'': ['reliable'],
                                           'l': {'': ['reliable']}},
                                     'l': {'': ['reliable'],
                                           'e': {'': ['reliable'],
                                                 'e': {'': ['reliable']}},
                                           'l': {'e': {'': ['reliable']}}}},
                               'l': {'b': {'e': {'': ['reliable']}},
                                     'e': {'': ['reliable']}}},
                         'b': {'a': {'l': {'e': {'': ['reliable']}}},
                               'l': {'e': {'': ['reliable']}}},
                         'i': {'a': {'b': {'l': {'e': {'': ['reliable']}}}}}},
                   'l': {'i': {'a': {'b': {'l': {'e': {'': ['reliable']}}}}}}},
             'm': {'i': {'u': {'m': {'': ['premium']}}}}},
       'i': {'c': {'i': {'n': {'g': {'': ['pricing']}}}}},
       'l': {'b': {'l': {'': ['reliable']}},
             'e': {'i': {'a': {'b': {'l': {'e': {'': ['reliable']}}}}}},
             'i': {'a': {'b': {'l': {'e': {'': ['reliable']}}}}}},
       'o': {'b': {'l': {'e': {'m': {'': ['problem']}}}},
             'd': {'u': {'c': {'t': {'s': {'': ['products']}}}}},
             'v': {'i': {'d': {'e': {'': ['provide']}}}}},
       'p': {'e': {'m': {'i': {'u': {'m': {'': ['premium']}}}}},
             'i': {'c': {'i': {'n': {'g': {'': ['pricing']}}}}},
             'o': {'b': {'l': {'e': {'m': {'': ['problem']}}}},
                   'd': {'u': {'c': {'t': {'s': {'': ['products']}}}}},
                   'v': {'i': {'d': {'e': {'': ['provide']}}}}}},
       'r': {'e': {'l': {'i': {'a': {'b': {'l': {'e': {'': ['reliable']}}}}}}}},
       't': {'u': {'s': {'t': {'': ['trust'],
                               'w': {'o': {'r': {'t': {'h': {'y': {'': ['trustworthy']}}}}}}}}}},
       'u': {'s': {'t': {'': ['trust'],
                         'w': {'o': {'r': {'t': {'h': {'y': {'': ['trustworthy']}}}}}}}}}},
 's': {' ': {'c': {'e': {'l': {'l': {'u': {'l': {'a': {'r': {'': ['us cellular']}}}}}}},
                   'l': {'l': {'l': {'r': {'': ['us cellular']}}}}}},
       'c': {'c': {'r': {'e': {'w': {'': ['screw']}}}},
             'e': {'r': {'w': {'': ['screw']}}, 'w': {'': ['screw']}},
             'r': {'e': {'': ['screw'],
                         'e': {'w': {'': ['screw']}},
                         'w': {'': ['screw'], 'w': {'': ['screw']}}},
                   'r': {'e': {'w': {'': ['screw']}}},
                   'w': {'': ['screw'], 'e': {'': ['screw']}}}},
       'e': {'e': {'r': {'v': {'i': {'c': {'e': {'s': {'': ['services']}}}}}}},
             'r': {'i': {'c': {'e': {'s': {'': ['services']}}},
                         'v': {'c': {'e': {'s': {'': ['services']}}}}},
                   'r': {'v': {'i': {'c': {'e': {'s': {'': ['services']}}}}}},
                   'v': {'c': {'e': {'s': {'': ['services']}},
                               'i': {'e': {'s': {'': ['services']}}}},
                         'i': {'c': {'c': {'e': {'s': {'': ['services']}}},
                                     'e': {'': ['services'],
                                           'e': {'s': {'': ['services']}},
                                           's': {'': ['services'],
                                                 's': {'': ['services']}}},
                                     's': {'': ['services'],
                                           'e': {'': ['services']}}},
                               'e': {'c': {'s': {'': ['services']}},
                                     's': {'': ['services']}},
                               'i': {'c': {'e': {'s': {'': ['services']}}}}},
                         'v': {'i': {'c': {'e': {'s': {'': ['services']}}}}}}},
             'v': {'i': {'c': {'e': {'s': {'': ['services']}}}},
                   'r': {'i': {'c': {'e': {'s': {'': ['services']}}}}}}},
       'i': {'s': {'u': {'e': {'s': {'': ['issues']}}}}},
       'l': {'o': {'v': {'e': {'s': {'': ['solves']}}}},
             'v': {'e': {'s': {'': ['solves']}}, 's': {'': ['solves']}}},
       'o': {'l': {'e': {'s': {'': ['solves']},
                         'v': {'s': {'': ['solves']}}},
                   'l': {'v': {'e': {'s': {'': ['solves']}}}},
                   'v': {'e': {'': ['solves'],
                               'e': {'s': {'': ['solves']}},
                               's': {'': ['solves'],
                                     's': {'': ['solves']}}},
                         's': {'': ['solves'], 'e': {'': ['solves']}},
                         'v': {'e': {'s': {'': ['solves']}}}}},
             'o': {'l': {'v': {'e': {'s': {'': ['solves']}}}}},
             'v': {'e': {'s': {'': ['solves']}},
                   'l': {'e': {'s': {'': ['solves']}}}}},
       'p': {'i': {'n': {'t': {'': ['sprint']}},
                   'r': {'n': {'t': {'': ['sprint']}}}},
             'p': {'r': {'i': {'n': {'t': {'': ['sprint']}}}}},
             'r': {'i': {'i': {'n': {'t': {'': ['sprint']}}},
                         'n': {'': ['sprint'],
                               'n': {'t': {'': ['sprint']}},
                               't': {'': ['sprint'],
                                     't': {'': ['sprint']}}},
                         't': {'': ['sprint'], 'n': {'': ['sprint']}}},
                   'n': {'i': {'t': {'': ['sprint']}},
                         't': {'': ['sprint']}},
                   'r': {'i': {'n': {'t': {'': ['sprint']}}}}}},
       'r': {'c': {'e': {'w': {'': ['screw']}}},
             'e': {'v': {'i': {'c': {'e': {'s': {'': ['services']}}}}},
                   'w': {'': ['screw']}},
             'i': {'n': {'t': {'': ['sprint']}}},
             'p': {'i': {'n': {'t': {'': ['sprint']}}},
                   'r': {'i': {'s': {'e': {'': ['surprise']}}},
                         's': {'': ['surprise']}}},
             'u': {'p': {'r': {'i': {'s': {'e': {'': ['surprise']}}}}}},
             'v': {'c': {'s': {'': ['services']}},
                   'i': {'c': {'e': {'s': {'': ['services']}}}}}},
       's': {'c': {'r': {'e': {'w': {'': ['screw']}}}},
             'e': {'r': {'v': {'i': {'c': {'e': {'s': {'': ['services']}}}}}}},
             'o': {'l': {'v': {'e': {'s': {'': ['solves']}}}}},
             'p': {'r': {'i': {'n': {'t': {'': ['sprint']}}}}},
             's': {'': ['issues']},
             'u': {'e': {'s': {'': ['issues']}},
                   'r': {'p': {'r': {'i': {'s': {'e': {'': ['surprise']}}}}}}}},
       'u': {' ': {'c': {'e': {'l': {'l': {'u': {'l': {'a': {'r': {'': ['us cellular']}}}}}}}}},
             'p': {'r': {'i': {'s': {'e': {'': ['surprise']}}},
                         'r': {'i': {'s': {'e': {'': ['surprise']}}}}}},
             'r': {'p': {'i': {'r': {'s': {'e': {'': ['surprise']}}},
                               's': {'e': {'': ['surprise']}}},
                         'p': {'r': {'i': {'s': {'e': {'': ['surprise']}}}}},
                         'r': {'i': {'e': {'': ['surprise'],
                                           's': {'': ['surprise']}},
                                     'i': {'s': {'e': {'': ['surprise']}}},
                                     's': {'': ['surprise'],
                                           'e': {'': ['surprise'],
                                                 'e': {'': ['surprise']}},
                                           's': {'e': {'': ['surprise']}}}},
                               'r': {'i': {'s': {'e': {'': ['surprise']}}}},
                               's': {'e': {'': ['surprise']},
                                     'i': {'e': {'': ['surprise']}}}}},
                   'r': {'i': {'s': {'e': {'': ['surprise']}}},
                         'p': {'i': {'s': {'e': {'': ['surprise']}}},
                               'r': {'i': {'s': {'e': {'': ['surprise']}}}}}}},
             'u': {'r': {'p': {'r': {'i': {'s': {'e': {'': ['surprise']}}}}}}}},
       'y': {'': ['easy']}},
 't': {'&': {'t': {' ': {'w': {'i': {'r': {'e': {'l': {'e': {'s': {'s': {'': ['at&t wireless']}}}}}}},
                               'r': {'l': {'s': {'s': {'': ['at&t wireless']}}}}}}}},
       '-': {'-': {'m': {'o': {'b': {'i': {'l': {'e': {'': ['t-mobile']}}}}}}},
             'm': {'b': {'i': {'l': {'e': {'': ['t-mobile']}}},
                         'l': {'': ['t-mobile']},
                         'o': {'i': {'l': {'e': {'': ['t-mobile']}}}}},
                   'm': {'o': {'b': {'i': {'l': {'e': {'': ['t-mobile']}}}}}},
                   'o': {'b': {'b': {'i': {'l': {'e': {'': ['t-mobile']}}}},
                               'i': {'e': {'': ['t-mobile'],
                                           'l': {'': ['t-mobile']}},
                                     'i': {'l': {'e': {'': ['t-mobile']}}},
                                     'l': {'': ['t-mobile'],
                                           'e': {'': ['t-mobile'],
                                                 'e': {'': ['t-mobile']}},
                                           'l': {'e': {'': ['t-mobile']}}}},
                               'l': {'e': {'': ['t-mobile']},
                                     'i': {'e': {'': ['t-mobile']}}}},
                         'i': {'b': {'l': {'e': {'': ['t-mobile']}}},
                               'l': {'e': {'': ['t-mobile']}}},
                         'o': {'b': {'i': {'l': {'e': {'': ['t-mobile']}}}}}}},
             'o': {'b': {'i': {'l': {'e': {'': ['t-mobile']}}}},
                   'm': {'b': {'i': {'l': {'e': {'': ['t-mobile']}}}}}}},
       'a': {'&': {'t': {' ': {'w': {'i': {'r': {'e': {'l': {'e': {'s': {'s': {'': ['at&t wireless']}}}}}}}}}}}},
       'm': {'-': {'o': {'b': {'i': {'l': {'e': {'': ['t-mobile']}}}}}},
             'o': {'b': {'i': {'l': {'e': {'': ['t-mobile']}}}}}},
       'r': {'r': {'u': {'s': {'t': {'': ['trust'],
                                     'w': {'o': {'r': {'t': {'h': {'y': {'': ['trustworthy']}}}}}}}}}},
             's': {'t': {'': ['trust'],
                         'w': {'o': {'r': {'t': {'h': {'y': {'': ['trustworthy']}}}}},
                               'r': {'t': {'h': {'y': {'': ['trustworthy']}}}}}},
                   'u': {'t': {'': ['trust'],
                               'w': {'o': {'r': {'t': {'h': {'y': {'': ['trustworthy']}}}}}}}}},
             'u': {'s': {'': ['trust'],
                         's': {'t': {'': ['trust'],
                                     'w': {'o': {'r': {'t': {'h': {'y': {'': ['trustworthy']}}}}}}}},
                         't': {'': ['trust'],
                               'o': {'r': {'t': {'h': {'y': {'': ['trustworthy']}}}},
                                     'w': {'r': {'t': {'h': {'y': {'': ['trustworthy']}}}}}},
                               't': {'': ['trust'],
                                     'w': {'o': {'r': {'t': {'h': {'y': {'': ['trustworthy']}}}}}}},
                               'w': {'o': {'o': {'r': {'t': {'h': {'y': {'': ['trustworthy']}}}}},
                                           'r': {'h': {'t': {'y': {'': ['trustworthy']}},
                                                       'y': {'': ['trustworthy']}},
                                                 'r': {'t': {'h': {'y': {'': ['trustworthy']}}}},
                                                 't': {'h': {'': ['trustworthy'],
                                                             'h': {'y': {'': ['trustworthy']}},
                                                             'y': {'': ['trustworthy'],
                                                                   'y': {'': ['trustworthy']}}},
                                                       't': {'h': {'y': {'': ['trustworthy']}}},
                                                       'y': {'': ['trustworthy'],
                                                             'h': {'': ['trustworthy']}}}},
                                           't': {'h': {'y': {'': ['trustworthy']}},
                                                 'r': {'h': {'y': {'': ['trustworthy']}}}}},
                                     'r': {'o': {'t': {'h': {'y': {'': ['trustworthy']}}}},
                                           't': {'h': {'y': {'': ['trustworthy']}}}},
                                     'w': {'o': {'r': {'t': {'h': {'y': {'': ['trustworthy']}}}}}}}},
                         'w': {'o': {'r': {'t': {'h': {'y': {'': ['trustworthy']}}}}},
                               't': {'o': {'r': {'t': {'h': {'y': {'': ['trustworthy']}}}}}}}},
                   't': {'': ['trust'],
                         's': {'': ['trust'],
                               'w': {'o': {'r': {'t': {'h': {'y': {'': ['trustworthy']}}}}}}},
                         'w': {'o': {'r': {'t': {'h': {'y': {'': ['trustworthy']}}}}}}},
                   'u': {'s': {'t': {'': ['trust'],
                                     'w': {'o': {'r': {'t': {'h': {'y': {'': ['trustworthy']}}}}}}}}}}},
       't': {'-': {'m': {'o': {'b': {'i': {'l': {'e': {'': ['t-mobile']}}}}}}},
             'r': {'u': {'s': {'t': {'': ['trust'],
                                     'w': {'o': {'r': {'t': {'h': {'y': {'': ['trustworthy']}}}}}}}}}}},
       'u': {'r': {'s': {'t': {'': ['trust'],
                               'w': {'o': {'r': {'t': {'h': {'y': {'': ['trustworthy']}}}}}}}}},
             's': {'t': {'': ['trust'],
                         'w': {'o': {'r': {'t': {'h': {'y': {'': ['trustworthy']}}}}}}}}}},
 'u': {' ': {'c': {'e': {'l': {'l': {'u': {'l': {'a': {'r': {'': ['us cellular']}}}}}}}},
             's': {'c': {'e': {'l': {'l': {'u': {'l': {'a': {'r': {'': ['us cellular']}}}}}}}}}},
       '.': {' ': {'c': {'.': {'': ['us cellular']}}},
             'c': {'.': {'': ['us cellular']}}},
       'c': {'': ['us cellular'], 'k': {'': ['fuck']}},
       'f': {'c': {'k': {'': ['fuck']}}},
       'r': {'p': {'r': {'i': {'s': {'e': {'': ['surprise']}}}}}},
       's': {' ': {' ': {'c': {'e': {'l': {'l': {'u': {'l': {'a': {'r': {'': ['us cellular']}}}}}}}}},
                   'c': {'c': {'e': {'l': {'l': {'u': {'l': {'a': {'r': {'': ['us cellular']}}}}}}}},
                         'e': {'e': {'l': {'l': {'u': {'l': {'a': {'r': {'': ['us cellular']}}}}}}},
                               'l': {'l': {'l': {'a': {'r': {'': ['us cellular']}},
                                                 'u': {'a': {'r': {'': ['us cellular']}},
                                                       'l': {'a': {'r': {'': ['us cellular']}}}}},
                                           'u': {'a': {'l': {'r': {'': ['us cellular']}},
                                                       'r': {'': ['us cellular']}},
                                                 'l': {'a': {'': ['us cellular'],
                                                             'a': {'r': {'': ['us cellular']}},
                                                             'r': {'': ['us cellular'],
                                                                   'r': {'': ['us cellular']}}},
                                                       'l': {'a': {'r': {'': ['us cellular']}}},
                                                       'r': {'': ['us cellular'],
                                                             'a': {'': ['us cellular']}}},
                                                 'u': {'l': {'a': {'r': {'': ['us cellular']}}}}}},
                                     'u': {'l': {'a': {'r': {'': ['us cellular']}},
                                                 'l': {'a': {'r': {'': ['us cellular']}}}}}}},
                         'l': {'e': {'l': {'u': {'l': {'a': {'r': {'': ['us cellular']}}}}}},
                               'l': {'u': {'l': {'a': {'r': {'': ['us cellular']}}}}}}},
                   'e': {'c': {'l': {'l': {'u': {'l': {'a': {'r': {'': ['us cellular']}}}}}}},
                         'l': {'l': {'u': {'l': {'a': {'r': {'': ['us cellular']}}}}}}}},
             'c': {' ': {'e': {'l': {'l': {'u': {'l': {'a': {'r': {'': ['us cellular']}}}}}}}},
                   'e': {'l': {'l': {'u': {'l': {'a': {'r': {'': ['us cellular']}}}}}}}},
             'r': {'p': {'r': {'i': {'s': {'e': {'': ['surprise']}}}}}},
             's': {' ': {'c': {'e': {'l': {'l': {'u': {'l': {'a': {'r': {'': ['us cellular']}}}}}}}}}}},
       'u': {'s': {' ': {'c': {'e': {'l': {'l': {'u': {'l': {'a': {'r': {'': ['us cellular']}}}}}}}}}}}},
 'v': {'a': {'a': {'l': {'u': {'e': {'': ['value']}}}},
             'l': {'e': {'': ['value'], 'u': {'': ['value']}},
                   'l': {'u': {'e': {'': ['value']}}},
                   'u': {'': ['value'],
                         'e': {'': ['value'], 'e': {'': ['value']}},
                         'u': {'e': {'': ['value']}}}},
             'u': {'e': {'': ['value']}, 'l': {'e': {'': ['value']}}}},
       'e': {'e': {'r': {'i': {'z': {'o': {'n': {'': ['verizon']}}}}}},
             'i': {'r': {'z': {'o': {'n': {'': ['verizon']}}}},
                   'z': {'o': {'n': {'': ['verizon']}}}},
             'r': {'i': {'i': {'z': {'o': {'n': {'': ['verizon']}}}},
                         'o': {'n': {'': ['verizon']},
                               'z': {'n': {'': ['verizon']}}},
                         'z': {'n': {'': ['verizon'],
                                     'o': {'': ['verizon']}},
                               'o': {'': ['verizon'],
                                     'n': {'': ['verizon'],
                                           'n': {'': ['verizon']}},
                                     'o': {'n': {'': ['verizon']}}},
                               'z': {'o': {'n': {'': ['verizon']}}}}},
                   'r': {'i': {'z': {'o': {'n': {'': ['verizon']}}}}},
                   'z': {'i': {'o': {'n': {'': ['verizon']}}},
                         'o': {'n': {'': ['verizon']}}}}},
       'l': {'': ['value'],
             'a': {'u': {'e': {'': ['value']}}},
             'u': {'e': {'': ['value']}}},
       'r': {'e': {'i': {'z': {'o': {'n': {'': ['verizon']}}}}},
             'i': {'z': {'o': {'n': {'': ['verizon']}}}},
             'z': {'n': {'': ['verizon']}}},
       'v': {'a': {'l': {'u': {'e': {'': ['value']}}}},
             'e': {'r': {'i': {'z': {'o': {'n': {'': ['verizon']}}}}}}}},
 'w': {'i': {'e': {'l': {'e': {'s': {'s': {'': ['wireless']}}}},
                   'r': {'l': {'e': {'s': {'s': {'': ['wireless']}}}}}},
             'i': {'r': {'e': {'l': {'e': {'s': {'s': {'': ['wireless']}}}}}}},
             'r': {'e': {'e': {'l': {'e': {'s': {'s': {'': ['wireless']}}},
                                     's': {'s': {'': ['wireless']}}},
                               's': {'s': {'': ['wireless']}}},
                         'l': {'e': {'e': {'s': {'s': {'': ['wireless']}}},
                                     's': {'': ['wireless'],
                                           's': {'': ['wireless'],
                                                 's': {'': ['wireless']}}}},
                               'l': {'e': {'s': {'s': {'': ['wireless']}}}},
                               's': {'e': {'s': {'': ['wireless']}},
                                     's': {'': ['wireless']}}}},
                   'l': {'e': {'e': {'s': {'s': {'': ['wireless']}}},
                               's': {'s': {'': ['wireless']}}}},
                   'r': {'e': {'l': {'e': {'s': {'s': {'': ['wireless']}}}}}}}},
       'o': {'o': {'r': {'t': {'h': {'': ['worth']}}}},
             'r': {'h': {'': ['worth'], 't': {'': ['worth']}},
                   'r': {'t': {'h': {'': ['worth']}}},
                   't': {'': ['worth'],
                         'h': {'': ['worth'], 'h': {'': ['worth']}},
                         't': {'h': {'': ['worth']}}}},
             't': {'h': {'': ['worth']}, 'r': {'h': {'': ['worth']}}}},
       'r': {'e': {'l': {'e': {'s': {'s': {'': ['wireless']}}}}},
             'i': {'e': {'l': {'e': {'s': {'s': {'': ['wireless']}}}}}},
             'l': {'s': {'s': {'': ['wireless']}}},
             'o': {'t': {'h': {'': ['worth']}}},
             't': {'h': {'': ['worth']}}},
       'w': {'i': {'r': {'e': {'l': {'e': {'s': {'s': {'': ['wireless']}}}}}}},
             'o': {'r': {'t': {'h': {'': ['worth']}}}}}},
 'x': {'e': {'p': {'e': {'s': {'i': {'v': {'e': {'': ['expesive']}}}}}}},
       'p': {'e': {'s': {'i': {'v': {'e': {'': ['expesive']}}}}},
             's': {'v': {'': ['expesive']}}}}}
['4g: g4 OR 4g OR 44g OR 4gg',
 'at&t wireless: at&t wrieless OR at&t wireleess OR a&t wireless OR at&t iwreless OR at&twireless OR ATWARAL OR t&t wireless OR at&t wireess OR at&t wireless OR at&t wirelless OR at&t wirless OR a.w. OR at&t wiireless OR at&tw ireless OR at& wireless OR at&tt wireless OR at& twireless OR t&t wrlss OR att wireless OR at&&t wireless OR at&t wirreless OR at&t wreless OR aw OR a. w. OR at&t wierless OR ta&t wireless OR aat&t wireless OR att&t wireless OR at&t wwireless OR a&tt wireless OR at&t wireeless OR at&t wirelses OR at&t wieless OR at&t  wireless OR at&t wirelesss OR at&t wirelss OR att& wireless OR at&t wireles OR at&t wireelss OR at&t ireless OR at&t wirleess',
 'best: bets OR BAST OR est OR bet OR besst OR bst OR bbest OR ebst OR beest OR best OR bes OR bset OR bestt',
 'cheat: cheeat OR chet OR cheatt OR chat OR hceat OR cheat OR ccheat OR CAT OR heat OR cht OR chheat OR cheta OR chea OR chaet OR cheaat OR cehat OR ceat',
 'clear: clera OR cleaar OR cllear OR lcear OR cler OR clar OR clear OR lear OR cclear OR CLAR OR cleear OR cear OR claer OR clea OR celar OR clearr OR clr',
 'consistent: conistent OR consistent OR cosnistent OR cnsstnt OR consisttent OR consistnt OR cconsistent OR consisstent OR coonsistent OR conisstent OR conssitent OR consistennt OR ocnsistent OR cosistent OR consiistent OR consisent OR consistnet OR consistetn OR consstent OR connsistent OR consisteent OR consisetnt OR cnosistent OR consistet OR consitsent OR consisten OR cnsistent OR conssistent OR onsistent OR CANSASTAD OR consitent OR consistentt',
 'convenient: conveniient OR convenent OR coonvenient OR covenient OR conveniennt OR conveneint OR connvenient OR ocnvenient OR convneient OR convenient OR CANVANAD OR conveenient OR cconvenient OR convnient OR cnovenient OR conveient OR cnvnnt OR convennient OR onvenient OR conveniet OR convvenient OR convenien OR convenientt OR conveinent OR conevnient OR conenient OR covnenient OR convenietn OR convenieent OR convenint OR cnvenient OR conveninet',
 'delivers: delivres OR deivers OR dlvrs OR deliverss OR dellivers OR ddelivers OR edlivers OR delviers OR delivesr OR deliers OR deelivers OR delivvers OR delivrs OR delievrs OR dleivers OR deliverrs OR delvers OR deliveers OR deliver OR delives OR delivers OR DALAVAR OR elivers OR deilvers OR dlivers OR deliivers',
 'easy: esay OR eeasy OR asy OR easyy OR eays OR eay OR sy OR EASY OR eassy OR esy OR easy OR eas OR eaasy OR aesy',
 'empower: mpwr OR empowr OR empowre OR epower OR empowwer OR eempower OR empwer OR empwoer OR ENPAR OR emopwer OR empoower OR epmower OR emppower OR empower OR empowe OR empowerr OR empoewr OR mpower OR empoer OR empoweer OR emower OR mepower OR emmpower',
 'enable: enable OR enabl OR enablle OR eanble OR enaable OR nbl OR enabe OR enble OR nable OR enabble OR enabel OR ENABL OR enablee OR ennable OR enalbe OR neable OR eable OR enbale OR enale OR eenable',
 'expesive: expesiive OR xpsv OR expesve OR expesiv OR expseive OR expesie OR xpesive OR expesivve OR eexpesive OR expeesive OR exepsive OR expsive OR epesive OR expessive OR expesive OR expeive OR exxpesive OR epxesive OR expeisve OR expesiev OR exppesive OR expesivee OR exesive OR expesvie OR EXPASAV OR xepesive',
 'feature: featur OR featuree OR featue OR featurre OR fature OR faeture OR ftr OR feeature OR feature OR featuure OR featrue OR ffeature OR featuer OR FATAR OR feaure OR featre OR feautre OR eature OR feture OR efature OR feaature OR fetaure OR featture',
 'fuck: fucck OR ffuck OR fuuck OR fuk OR fuck OR fcuk OR fuc OR ufck OR FAC OR fck OR uck OR fukc OR fuckk',
 'help: HALP OR hellp OR heelp OR hep OR help OR hhelp OR hlp OR helpp OR hel OR elp OR ehlp OR hepl OR hlep',
 'high quality: hig hquality OR highh quality OR hig quality OR hihg quality OR high  quality OR high quailty OR higgh quality OR high quallity OR hiigh quality OR highquality OR high qquality OR high qualtiy OR high qualitty OR hgih quality OR hgh quality OR high uqality OR igh quality OR hgh qlty OR high qulity OR HAGHGALATY OR high qaulity OR highq uality OR high qualiity OR hih quality OR high qualit OR hq OR high quality OR high qualiyt OR high qualityy OR high quaality OR high uality OR hhigh quality OR ihgh quality OR high qualiy OR h. q. OR high quuality OR h.q. OR high qulaity OR high qualty OR high quaity OR high qality',
 'honest: HANAST OR hnest OR hhonest OR honst OR hoest OR honset OR honeest OR hnoest OR honest OR ohnest OR honnest OR hnst OR onest OR honesst OR honestt OR hoonest OR honet OR hoenst OR hones OR honets',
 'innovative: innvative OR innoavtive OR innovatiive OR innovatiev OR innovative OR inovative OR innvoative OR innovativ OR innovaive OR nnovative OR innovtive OR innovatie OR innovattive OR innovtaive OR ninovative OR innovativve OR innoative OR innovaative OR innovaitve OR iinnovative OR innovatve OR nnvtv OR innoovative OR innnovative OR innovvative OR innovatvie OR INAVATAV OR inonvative OR innovativee',
 'issues: IS OR isssues OR iissues OR sisues OR issuees OR issuess OR issus OR sss OR issuse OR isues OR issuues OR issues OR ssues OR issue OR isses OR isseus OR isuses',
 'largest: lrgst OR largestt OR largesst OR largst OR laargest OR larggest OR larest OR LARGAST OR largest OR alrgest OR lragest OR laregst OR lrgest OR largset OR argest OR larges OR largeest OR llargest OR larget OR larrgest OR largets OR lagest OR lagrest',
 'leader: lader OR leaderr OR leade OR elader OR leder OR LADAR OR lleader OR leadr OR leaedr OR ldr OR laeder OR leeader OR leaader OR leadeer OR eader OR leadre OR leadder OR leader OR leaer OR ledaer',
 'lifestyle: lifsetyle OR liestyle OR lifestle OR lifetyle OR lifestye OR lifeestyle OR llifestyle OR lfstyl OR lifetsyle OR liefstyle OR LAFASTAL OR lifesttyle OR lifestylle OR lfestyle OR lifesyle OR lifestyyle OR lifestyl OR ifestyle OR lifestyel OR lfiestyle OR ilfestyle OR lifestyle OR lifestylee OR lifesstyle OR lifesytle OR liffestyle OR lifstyle OR liifestyle OR lifestlye',
 'love: lovve OR lovee OR love OR loe OR lv OR lvoe OR lve OR lov OR olve OR loove OR ove OR llove OR LAV OR loev',
 'need: NAD OR ned OR nee OR nd OR ened OR needd OR neeed OR need OR eed OR nede OR nneed',
 'network: netwwork OR networ OR entwork OR ntework OR networrk OR ntwork OR netork OR netwoork OR netwok OR netwrk OR network OR NATWARC OR neetwork OR netwokr OR networkk OR etwork OR ntwrk OR nettwork OR netowrk OR newtork OR nnetwork OR netwrok OR nework',
 'painless: apinless OR painelss OR painlless OR painles OR painleess OR ainless OR panless OR painlses OR paniless OR painless OR paainless OR painlss OR pailness OR painnless OR ppainless OR PANL OR painess OR pianless OR pnlss OR pinless OR painlesss OR pailess OR paiinless',
 'premium: premmium OR prmm OR premiumm OR premimu OR PRANAN OR preemium OR prmeium OR premiium OR pemium OR premiuum OR rpemium OR permium OR premiu OR premium OR prremium OR premuim OR remium OR premim OR preimum OR premum OR prmium OR preium OR ppremium',
 'pricing: ricing OR priciing OR priicng OR pricing OR rpicing OR pricign OR prricing OR priicing OR ppricing OR priccing OR pricng OR PRACANG OR pircing OR prcing OR prcng OR priing OR pricnig OR picing OR pricingg OR prciing OR pricin OR pricig OR pricinng',
 'problem: roblem OR pproblem OR poblem OR prbolem OR porblem OR rpoblem OR proble OR probelm OR problm OR probem OR prblm OR problme OR probllem OR prooblem OR problemm OR prroblem OR prolbem OR problem OR prblem OR probblem OR PRABLAN OR prolem OR probleem',
 'products: prooducts OR prroducts OR PRADACT OR productss OR prodcuts OR porducts OR proucts OR producs OR roducts OR produts OR producst OR product OR pproducts OR prodducts OR poducts OR productts OR produtcs OR proudcts OR prducts OR prdcts OR produucts OR products OR prdoucts OR rpoducts OR produccts OR prodcts',
 'provide: prvoide OR rpovide OR proivde OR povide OR providee OR provdie OR provide OR prvide OR provvide OR proide OR rovide OR PRAVAD OR proviide OR porvide OR provde OR proovide OR prvd OR pprovide OR providde OR provid OR provie OR provied OR prrovide',
 'reliable: rleiable OR relialbe OR rlbl OR reliale OR reliablle OR erliable OR relaible OR reliabble OR reeliable OR reliablee OR relibale OR reliabel OR reliaable OR relable OR eliable OR relliable OR RALABL OR reilable OR reiable OR rliable OR reliabe OR relible OR reliable OR rreliable OR reliiable OR reliabl',
 'screw: screw OR sscrew OR csrew OR SCR OR scrwe OR scerw OR sccrew OR crew OR scrw OR scew OR screew OR scrrew OR scre OR srcew OR screww OR srew',
 'services: ervices OR servicse OR serviecs OR servicces OR serices OR srvcs OR service OR servicees OR servces OR serivces OR servics OR seervices OR sevices OR servicess OR servcies OR sevrices OR servies OR srevices OR servvices OR esrvices OR services OR srvices OR sservices OR serrvices OR serviices OR SARVAC',
 'solves: solvs OR solevs OR solvees OR solves OR solvess OR slvs OR sovles OR slves OR sollves OR sloves OR ssolves OR solve OR SALV OR solvse OR olves OR soolves OR solvves OR soles OR soves OR oslves',
 'sprint: psrint OR sprinnt OR sprit OR spprint OR spriint OR sprintt OR spritn OR SPRAD OR sprnit OR srpint OR srint OR spirnt OR sprnt OR print OR spint OR sprint OR sprrint OR ssprint OR sprin',
 'surprise: surrise OR surprie OR surpriise OR surprsie OR srprs OR surpirse OR surpris OR surpise OR suurprise OR usrprise OR suprrise OR surprisee OR surrprise OR urprise OR surpprise OR surprise OR surprisse OR sruprise OR surprse OR ssurprise OR surpries OR suprise OR srprise OR surprrise OR surrpise OR SARPRAS',
 't-mobile: -mobile OR t-mboile OR t-mobil OR t-mobiile OR t-mobie OR t-mobile OR t-mbl OR t-obile OR tm-obile OR t-mmobile OR -tmobile OR t-mobbile OR t-moible OR t-mbile OR t-moble OR t-mobilee OR t-moblie OR tt-mobile OR t-ombile OR tmobile OR t-mobille OR t-moile OR TNABAL OR t-mobiel OR t--mobile OR t-moobile',
 'trust: trst OR ttrust OR trut OR TRAST OR tust OR turst OR trus OR trsut OR truts OR rtust OR trustt OR truust OR trrust OR trusst OR trust OR rust',
 'trustworthy: trutsworthy OR trusttworthy OR trustworhy OR TRASTWARTHY OR trstworthy OR rustworthy OR trustwothy OR trustworthyy OR ttrustworthy OR trustworrthy OR tustworthy OR trustorthy OR trustworthy OR truustworthy OR trustwworthy OR turstworthy OR trustworhty OR trusstworthy OR trstwrthy OR trutworthy OR trrustworthy OR trsutworthy OR rtustworthy OR trusworthy OR trustwrthy OR trustworthhy OR trustwotrhy OR trustworty OR truswtorthy OR trustwortthy OR trustwoorthy OR trustworth OR trustowrthy OR trustwrothy OR trustwortyh',
 'us cellular: us ellular OR us celluular OR su cellular OR u scellular OR us celluar OR USCALALAR OR us cellularr OR s cellular OR us ecllular OR uus cellular OR us cellulaar OR us celullar OR us ccellular OR us celllular OR us cellluar OR us cellular OR u. c. OR us celllar OR uscellular OR usc ellular OR us celular OR s clllr OR us cellulra OR u.c. OR uss cellular OR us cellula OR us ceellular OR us cellualr OR us  cellular OR u cellular OR us cellulr OR us cellullar OR us clelular OR uc OR us cllular',
 'value: valuee OR vlue OR avlue OR VAL OR vaule OR alue OR vl OR valeu OR vvalue OR vale OR valuue OR value OR vallue OR vaalue OR vlaue OR valu OR vaue',
 'verizon: verizno OR veerizon OR verizn OR verizo OR verizoon OR veizon OR verzon OR VARASAN OR vrzn OR evrizon OR vreizon OR veriizon OR verzion OR verizon OR veriozn OR verion OR verizzon OR vrizon OR verizonn OR erizon OR verrizon OR veirzon OR vverizon',
 'wireless: wireleess OR wierless OR wirless OR iwreless OR wwireless OR wieless OR WARAL OR wireeless OR wreless OR wirelses OR wrlss OR wirreless OR wirelless OR wireess OR wireelss OR wireless OR wiireless OR wirleess OR wirelss OR ireless OR wirelesss OR wrieless OR wireles',
 'worth: wortth OR worthh OR WARTH OR worh OR wotrh OR woorth OR worrth OR owrth OR woth OR wroth OR wort OR worht OR orth OR wworth OR worth OR wrth']
